<?xml version="1.0" encoding="UTF-8"?>
<testsuite xmlns:xsi="http://www.w3.org/2001/XMLSchema-instance" xsi:noNamespaceSchemaLocation="https://maven.apache.org/surefire/maven-surefire-plugin/xsd/surefire-test-report-3.0.xsd" version="3.0" name="com.stackroute.keepnote.test.NoteDAOImplTest" time="3.298" tests="6" errors="0" skipped="0" failures="0">
  <properties>
[...]
</properties>
  <testcase name="testDeleteNoteSuccess" classname="com.stackroute.keepnote.test.NoteDAOImplTest" time="0.357"/>
  <testcase name="testGetNoteById" classname="com.stackroute.keepnote.test.NoteDAOImplTest" time="0.107"/>
  <testcase name="testGetAllNotes" classname="com.stackroute.keepnote.test.NoteDAOImplTest" time="0.165"/>
  <testcase name="testUpdateNote" classname="com.stackroute.keepnote.test.NoteDAOImplTest" time="0.096"/>
  <testcase name="testSaveNoteSuccess" classname="com.stackroute.keepnote.test.NoteDAOImplTest" time="0.098"/>
  <testcase name="testSaveNoteFailure" classname="com.stackroute.keepnote.test.NoteDAOImplTest" time="0.098"/>
</testsuite>